<?xml version="1.0" encoding="UTF-8"?>
<testsuite name="po.inc.AppTest" tests="1" skipped="0" failures="0" errors="0" timestamp="2018-02-14T04:10:46" hostname="inc" time="0.001">
  <properties/>
  <testcase name="testAppHasAGreeting" classname="po.inc.AppTest" time="0.001"/>
  <system-out><![CDATA[]]></system-out>
  <system-err><![CDATA[]]></system-err>
</testsuite>
